<?xml version="1.0" encoding="UTF-8"?>
<testng-results skipped="0" failed="0" ignored="0" total="2" passed="2">
  <reporter-output>
  </reporter-output>
  <suite name="Surefire suite" duration-ms="347" started-at="2020-10-29T11:49:29Z" finished-at="2020-10-29T11:49:30Z">
    <groups>
    </groups>
    <test name="Surefire test" duration-ms="347" started-at="2020-10-29T11:49:29Z" finished-at="2020-10-29T11:49:30Z">
      <class name="Jacoco.CodeCoverage.TestCodeCoverage">
        <test-method status="PASS" signature="NegativeTests()[pri:0, instance:Jacoco.CodeCoverage.TestCodeCoverage@290aeb20]" name="NegativeTests" duration-ms="28" started-at="2020-10-29T11:49:30Z" finished-at="2020-10-29T11:49:30Z">
          <reporter-output>
          </reporter-output>
        </test-method> <!-- NegativeTests -->
        <test-method status="PASS" signature="PostiveTests()[pri:0, instance:Jacoco.CodeCoverage.TestCodeCoverage@290aeb20]" name="PostiveTests" duration-ms="15" started-at="2020-10-29T11:49:30Z" finished-at="2020-10-29T11:49:30Z">
          <reporter-output>
          </reporter-output>
        </test-method> <!-- PostiveTests -->
      </class> <!-- Jacoco.CodeCoverage.TestCodeCoverage -->
    </test> <!-- Surefire test -->
  </suite> <!-- Surefire suite -->
</testng-results>
