<?xml version="1.0" encoding="UTF-8"?>
<testsuite xmlns:xsi="http://www.w3.org/2001/XMLSchema-instance" xsi:noNamespaceSchemaLocation="https://maven.apache.org/surefire/maven-surefire-plugin/xsd/surefire-test-report-3.0.xsd" version="3.0" name="TestSuite" time="8.96" tests="3" errors="0" skipped="0" failures="0">
  <properties>
[...]
</properties>
  <testcase name="NegativeTests" classname="Jacoco.CodeCoverage.TestCodeCoverage" time="0.036"/>
  <testcase name="PostiveTests" classname="Jacoco.CodeCoverage.TestCodeCoverage" time="0.002">
    <system-out><![CDATA[We are software Engineers
]]></system-out>
  </testcase>
  <testcase name="testApp on testApp(Jacoco.CodeCoverage.AppTest)" classname="Jacoco.CodeCoverage.AppTest" time="0.795"/>
</testsuite>